0 info it worked if it ends with ok
1 verbose cli [ 'node', '/usr/local/bin/npm', 'install', '-g', 'gallery' ]
2 info using npm@1.3.8
3 info using node@v0.10.18
4 verbose cache add [ 'gallery', null ]
5 verbose cache add name=undefined spec="gallery" args=["gallery",null]
6 verbose parsed url { protocol: null,
6 verbose parsed url   slashes: null,
6 verbose parsed url   auth: null,
6 verbose parsed url   host: null,
6 verbose parsed url   port: null,
6 verbose parsed url   hostname: null,
6 verbose parsed url   hash: null,
6 verbose parsed url   search: null,
6 verbose parsed url   query: null,
6 verbose parsed url   pathname: 'gallery',
6 verbose parsed url   path: 'gallery',
6 verbose parsed url   href: 'gallery' }
7 silly lockFile 5b47b903-gallery gallery
8 verbose lock gallery /Users/up/.npm/5b47b903-gallery.lock
9 silly lockFile 5b47b903-gallery gallery
10 silly lockFile 5b47b903-gallery gallery
11 verbose addNamed [ 'gallery', '' ]
12 verbose addNamed [ null, '*' ]
13 silly lockFile f3b46d15-gallery gallery@
14 verbose lock gallery@ /Users/up/.npm/f3b46d15-gallery.lock
15 silly addNameRange { name: 'gallery', range: '*', hasData: false }
16 verbose url raw gallery
17 verbose url resolving [ 'https://registry.npmjs.org/', './gallery' ]
18 verbose url resolved https://registry.npmjs.org/gallery
19 info trying registry request attempt 1 at 23:24:42
20 http GET https://registry.npmjs.org/gallery
21 http 404 https://registry.npmjs.org/gallery
22 silly registry.get cb [ 404,
22 silly registry.get   { server: 'CouchDB/1.3.1 (Erlang OTP/R15B03)',
22 silly registry.get     date: 'Wed, 18 Sep 2013 15:24:48 GMT',
22 silly registry.get     'content-type': 'application/json',
22 silly registry.get     'content-length': '52',
22 silly registry.get     'cache-control': 'must-revalidate' } ]
23 silly lockFile f3b46d15-gallery gallery@
24 silly lockFile f3b46d15-gallery gallery@
25 error 404 'gallery' is not in the npm registry.
25 error 404 You should bug the author to publish it
25 error 404
25 error 404 Note that you can also install from a
25 error 404 tarball, folder, or http url, or git url.
26 error System Darwin 11.4.2
27 error command "node" "/usr/local/bin/npm" "install" "-g" "gallery"
28 error cwd /Users/up/gobiker/app/assets/js/lib
29 error node -v v0.10.18
30 error npm -v 1.3.8
31 error code E404
32 verbose exit [ 1, true ]
